<?xml version="1.0" encoding="UTF-8" ?>
<testsuite name="cxxtest" date="Wed Dec 17 10:51:05 2014" tests="2" errors="0" failures="0" time="0" >
    <testcase classname="PalindromeTest" name="test_Unit_Test_1" line="15">
        <warning line="16" >Test skipping is not supported without exception handling.</warning>
    </testcase>
    <testcase classname="PalindromeTest" name="test_Unit_Test_2" line="19" />
</testsuite>
